1719325426452	geckodriver	INFO	Listening on 127.0.0.1:49845
1719325429489	mozrunner::runner	INFO	Running command: "C:\\Program Files\\Mozilla Firefox\\firefox.exe" "--marionette" "--remote-debugging-port" "49846" "--remote-allow-hosts" "localhost" "-no-remote" "-profile" "C:\\Users\\Dell\\AppData\\Local\\Temp\\rust_mozprofileEhxReV"
console.warn: services.settings: Ignoring preference override of remote settings server
console.warn: services.settings: Allow by setting MOZ_REMOTE_SETTINGS_DEVTOOLS=1 in the environment
Dynamically enable window occlusion 0
1719325441035	Marionette	INFO	Marionette enabled
1719325441494	Marionette	INFO	Listening on port 49869
WebDriver BiDi listening on ws://127.0.0.1:49846
Read port: 49869
1719325442209	RemoteAgent	WARN	TLS certificate errors will be ignored for this session
DevTools listening on ws://127.0.0.1:49846/devtools/browser/80e27d24-162f-4aa9-8f97-84d10e549736
console.warn: LoginRecipes: "Falling back to a synchronous message for: http://localhost:3000."
1719325471205	addons.xpi	ERROR	System addon update list error SyntaxError: XMLHttpRequest.open: 'http://%(server)s/dummy-system-addons.xml' is not a valid URL.
1719326423000	Marionette	INFO	Stopped listening on port 49869
Dynamically enable window occlusion 1
JavaScript warning: http://localhost:3000/_next/static/chunks/app/layout.js line 105 > eval, line 236: Script terminated by timeout at:
createStringFromObject@webpack-internal:///(app-pages-browser)/./node_modules/@emotion/serialize/dist/emotion-serialize.browser.esm.js:236:1
handleInterpolation@webpack-internal:///(app-pages-browser)/./node_modules/@emotion/serialize/dist/emotion-serialize.browser.esm.js:139:16
handleInterpolation@webpack-internal:///(app-pages-browser)/./node_modules/@emotion/serialize/dist/emotion-serialize.browser.esm.js:148:18
serializeStyles@webpack-internal:///(app-pages-browser)/./node_modules/@emotion/serialize/dist/emotion-serialize.browser.esm.js:271:15
createStyled/</Styled<@webpack-internal:///(app-pages-browser)/./node_modules/@emotion/styled/base/dist/emotion-styled-base.browser.esm.js:135:91
withEmotionCache/<@webpack-internal:///(app-pages-browser)/./node_modules/@emotion/react/dist/emotion-element-43c6fea0.browser.esm.js:61:12
renderWithHooks@webpack-internal:///(app-pages-browser)/./node_modules/next/dist/compiled/react-dom/cjs/react-dom.development.js:11121:27
updateForwardRef@webpack-internal:///(app-pages-browser)/./node_modules/next/dist/compiled/react-dom/cjs/react-dom.development.js:15854:20
beginWork$1@webpack-internal:///(app-pages-browser)/./node_modules/next/dist/compiled/react-dom/cjs/react-dom.development.js:18521:16
beginWork@webpack-internal:///(app-pages-browser)/./node_modules/next/dist/compiled/react-dom/cjs/react-dom.development.js:26927:14
performUnitOfWork@webpack-internal:///(app-pages-browser)/./node_modules/next/dist/compiled/react-dom/cjs/react-dom.development.js:25748:12
workLoopSync@webpack-internal:///(app-pages-browser)/./node_modules/next/dist/compiled/react-dom/cjs/react-dom.development.js:25464:22
renderRootSync@webpack-internal:///(app-pages-browser)/./node_modules/next/dist/compiled/react-dom/cjs/react-dom.development.js:25419:7
performSyncWorkOnRoot@webpack-internal:///(app-pages-browser)/./node_modules/next/dist/compiled/react-dom/cjs/react-dom.development.js:24887:34
flushSyncWorkAcrossRoots_impl@webpack-internal:///(app-pages-browser)/./node_modules/next/dist/compiled/react-dom/cjs/react-dom.development.js:7758:34
flushSyncWorkOnAllRoots@webpack-internal:///(app-pages-browser)/./node_modules/next/dist/compiled/react-dom/cjs/react-dom.development.js:7718:32
processRootScheduleInMicrotask@webpack-internal:///(app-pages-browser)/./node_modules/next/dist/compiled/react-dom/cjs/react-dom.development.js:7863:3
scheduleImmediateTask/<@webpack-internal:///(app-pages-browser)/./node_modules/next/dist/compiled/react-dom/cjs/react-dom.development.js:8034:7

