1719322797668	geckodriver	INFO	Listening on 127.0.0.1:61406
1719322800908	mozrunner::runner	INFO	Running command: "C:\\Program Files\\Mozilla Firefox\\firefox.exe" "--marionette" "--remote-debugging-port" "61407" "--remote-allow-hosts" "localhost" "-no-remote" "-profile" "C:\\Users\\Dell\\AppData\\Local\\Temp\\rust_mozprofilelY8nF6"
console.warn: services.settings: Ignoring preference override of remote settings server
console.warn: services.settings: Allow by setting MOZ_REMOTE_SETTINGS_DEVTOOLS=1 in the environment
Dynamically enable window occlusion 0
1719322812553	Marionette	INFO	Marionette enabled
1719322813008	Marionette	INFO	Listening on port 61435
WebDriver BiDi listening on ws://127.0.0.1:61407
Read port: 61435
1719322814039	RemoteAgent	WARN	TLS certificate errors will be ignored for this session
DevTools listening on ws://127.0.0.1:61407/devtools/browser/a458cb37-582d-4194-893f-a46201f697b2
console.warn: LoginRecipes: "Falling back to a synchronous message for: http://localhost:3000."
1719322842712	addons.xpi	ERROR	System addon update list error SyntaxError: XMLHttpRequest.open: 'http://%(server)s/dummy-system-addons.xml' is not a valid URL.
1719323026114	Marionette	INFO	Stopped listening on port 61435
Dynamically enable window occlusion 1
!!! error running onStopped callback: TypeError: callback is not a function
JavaScript warning: http://localhost:3000/_next/static/chunks/app/layout.js line 3306 > eval, line 3: Script terminated by timeout at:
default@webpack-internal:///(app-pages-browser)/./node_modules/@mui/material/node_modules/@mui/system/esm/useThemeProps/getThemeProps.js:3:48
useThemeProps@webpack-internal:///(app-pages-browser)/./node_modules/@mui/material/node_modules/@mui/system/esm/useThemeProps/useThemeProps.js:17:28
useThemeProps@webpack-internal:///(app-pages-browser)/./node_modules/@mui/material/styles/useThemeProps.js:13:81
FormControl@webpack-internal:///(app-pages-browser)/./node_modules/@mui/material/FormControl/FormControl.js:113:84
renderWithHooksAgain@webpack-internal:///(app-pages-browser)/./node_modules/next/dist/compiled/react-dom/cjs/react-dom.development.js:11272:16
renderWithHooks@webpack-internal:///(app-pages-browser)/./node_modules/next/dist/compiled/react-dom/cjs/react-dom.development.js:11135:18
updateForwardRef@webpack-internal:///(app-pages-browser)/./node_modules/next/dist/compiled/react-dom/cjs/react-dom.development.js:15854:20
beginWork$1@webpack-internal:///(app-pages-browser)/./node_modules/next/dist/compiled/react-dom/cjs/react-dom.development.js:18521:16
beginWork@webpack-internal:///(app-pages-browser)/./node_modules/next/dist/compiled/react-dom/cjs/react-dom.development.js:26927:14
performUnitOfWork@webpack-internal:///(app-pages-browser)/./node_modules/next/dist/compiled/react-dom/cjs/react-dom.development.js:25748:12
workLoopSync@webpack-internal:///(app-pages-browser)/./node_modules/next/dist/compiled/react-dom/cjs/react-dom.development.js:25464:22
renderRootSync@webpack-internal:///(app-pages-browser)/./node_modules/next/dist/compiled/react-dom/cjs/react-dom.development.js:25419:7
performSyncWorkOnRoot@webpack-internal:///(app-pages-browser)/./node_modules/next/dist/compiled/react-dom/cjs/react-dom.development.js:24887:34
flushSyncWorkAcrossRoots_impl@webpack-internal:///(app-pages-browser)/./node_modules/next/dist/compiled/react-dom/cjs/react-dom.development.js:7758:34
flushSyncWorkOnAllRoots@webpack-internal:///(app-pages-browser)/./node_modules/next/dist/compiled/react-dom/cjs/react-dom.development.js:7718:32
processRootScheduleInMicrotask@webpack-internal:///(app-pages-browser)/./node_modules/next/dist/compiled/react-dom/cjs/react-dom.development.js:7863:3
scheduleImmediateTask/<@webpack-internal:///(app-pages-browser)/./node_modules/next/dist/compiled/react-dom/cjs/react-dom.development.js:8034:7

