1719324662047	geckodriver	INFO	Listening on 127.0.0.1:64808
1719324665399	mozrunner::runner	INFO	Running command: "C:\\Program Files\\Mozilla Firefox\\firefox.exe" "--marionette" "--remote-debugging-port" "64809" "--remote-allow-hosts" "localhost" "-no-remote" "-profile" "C:\\Users\\Dell\\AppData\\Local\\Temp\\rust_mozprofileTOcImc"
console.warn: services.settings: Ignoring preference override of remote settings server
console.warn: services.settings: Allow by setting MOZ_REMOTE_SETTINGS_DEVTOOLS=1 in the environment
Dynamically enable window occlusion 0
1719324676694	Marionette	INFO	Marionette enabled
1719324677130	Marionette	INFO	Listening on port 64828
WebDriver BiDi listening on ws://127.0.0.1:64809
Read port: 64828
1719324677910	RemoteAgent	WARN	TLS certificate errors will be ignored for this session
DevTools listening on ws://127.0.0.1:64809/devtools/browser/29743808-ad7b-45e8-9bce-be4fa8db733b
console.error: (new TypeError("this._searchProviderInfo is null", "resource:///modules/SearchSERPTelemetry.sys.mjs", 939))
console.warn: LoginRecipes: "Falling back to a synchronous message for: http://localhost:3000."
1719324692439	Marionette	WARN	TimedPromise timed out after 500 ms: stacktrace:
TimedPromise/<@chrome://remote/content/marionette/sync.sys.mjs:219:24
TimedPromise@chrome://remote/content/marionette/sync.sys.mjs:203:10
interaction.flushEventLoop@chrome://remote/content/marionette/interaction.sys.mjs:467:10
webdriverClickElement@chrome://remote/content/marionette/interaction.sys.mjs:220:33
1719324693562	Marionette	INFO	Stopped listening on port 64828
Dynamically enable window occlusion 1
