1719166706007	geckodriver	INFO	Listening on 127.0.0.1:51311
1719166709044	mozrunner::runner	INFO	Running command: "C:\\Program Files\\Mozilla Firefox\\firefox.exe" "--marionette" "--remote-debugging-port" "51312" "--remote-allow-hosts" "localhost" "-no-remote" "-profile" "C:\\Users\\Dell\\AppData\\Local\\Temp\\rust_mozprofileESR36b"
console.warn: services.settings: Ignoring preference override of remote settings server
console.warn: services.settings: Allow by setting MOZ_REMOTE_SETTINGS_DEVTOOLS=1 in the environment
Dynamically enable window occlusion 0
1719166709872	Marionette	INFO	Marionette enabled
1719166710093	Marionette	INFO	Listening on port 51321
WebDriver BiDi listening on ws://127.0.0.1:51312
Read port: 51321
1719166710692	RemoteAgent	WARN	TLS certificate errors will be ignored for this session
DevTools listening on ws://127.0.0.1:51312/devtools/browser/be6789c6-8a8b-43ba-a0b5-7c8f6b95bc6d
console.warn: LoginRecipes: "Falling back to a synchronous message for: http://localhost:3000."
1719166741370	addons.xpi	ERROR	System addon update list error SyntaxError: XMLHttpRequest.open: 'http://%(server)s/dummy-system-addons.xml' is not a valid URL.
1719166827397	Marionette	INFO	Stopped listening on port 51321
Dynamically enable window occlusion 1
JavaScript warning: http://localhost:3000/_next/static/chunks/app/sign-in/page.js line 1700 > eval, line 3: Script terminated by timeout at:
default@webpack-internal:///(app-pages-browser)/./node_modules/@mui/material/node_modules/@mui/system/esm/styleFunctionSx/index.js:3:133
systemSx@webpack-internal:///(app-pages-browser)/./node_modules/@mui/material/node_modules/@mui/system/createStyled.js:127:20
handleInterpolation@webpack-internal:///(app-pages-browser)/./node_modules/@emotion/serialize/dist/emotion-serialize.browser.esm.js:146:37
serializeStyles@webpack-internal:///(app-pages-browser)/./node_modules/@emotion/serialize/dist/emotion-serialize.browser.esm.js:271:15
createStyled/</Styled<@webpack-internal:///(app-pages-browser)/./node_modules/@emotion/styled/base/dist/emotion-styled-base.browser.esm.js:135:91
withEmotionCache/<@webpack-internal:///(app-pages-browser)/./node_modules/@emotion/react/dist/emotion-element-43c6fea0.browser.esm.js:61:12
renderWithHooksAgain@webpack-internal:///(app-pages-browser)/./node_modules/next/dist/compiled/react-dom/cjs/react-dom.development.js:11272:16
renderWithHooks@webpack-internal:///(app-pages-browser)/./node_modules/next/dist/compiled/react-dom/cjs/react-dom.development.js:11135:18
updateForwardRef@webpack-internal:///(app-pages-browser)/./node_modules/next/dist/compiled/react-dom/cjs/react-dom.development.js:15854:20
beginWork$1@webpack-internal:///(app-pages-browser)/./node_modules/next/dist/compiled/react-dom/cjs/react-dom.development.js:18521:16
beginWork@webpack-internal:///(app-pages-browser)/./node_modules/next/dist/compiled/react-dom/cjs/react-dom.development.js:26927:14
performUnitOfWork@webpack-internal:///(app-pages-browser)/./node_modules/next/dist/compiled/react-dom/cjs/react-dom.development.js:25748:12
workLoopSync@webpack-internal:///(app-pages-browser)/./node_modules/next/dist/compiled/react-dom/cjs/react-dom.development.js:25464:22
renderRootSync@webpack-internal:///(app-pages-browser)/./node_modules/next/dist/compiled/react-dom/cjs/react-dom.development.js:25419:7
performSyncWorkOnRoot@webpack-internal:///(app-pages-browser)/./node_modules/next/dist/compiled/react-dom/cjs/react-dom.development.js:24887:34
flushSyncWorkAcrossRoots_impl@webpack-internal:///(app-pages-browser)/./node_modules/next/dist/compiled/react-dom/cjs/react-dom.development.js:7758:34
flushSyncWorkOnAllRoots@webpack-internal:///(app-pages-browser)/./node_modules/next/dist/compiled/react-dom/cjs/react-dom.development.js:7718:32
processRootScheduleInMicrotask@webpack-internal:///(app-pages-browser)/./node_modules/next/dist/compiled/react-dom/cjs/react-dom.development.js:7863:3
scheduleImmediateTask/<@webpack-internal:///(app-pages-browser)/./node_modules/next/dist/compiled/react-dom/cjs/react-dom.development.js:8034:7

