1719326644405	geckodriver	INFO	Listening on 127.0.0.1:52298
1719326647396	mozrunner::runner	INFO	Running command: "C:\\Program Files\\Mozilla Firefox\\firefox.exe" "--marionette" "--remote-debugging-port" "52299" "--remote-allow-hosts" "localhost" "-no-remote" "-profile" "C:\\Users\\Dell\\AppData\\Local\\Temp\\rust_mozprofileZnjp7a"
console.warn: services.settings: Ignoring preference override of remote settings server
console.warn: services.settings: Allow by setting MOZ_REMOTE_SETTINGS_DEVTOOLS=1 in the environment
Dynamically enable window occlusion 0
1719326659844	Marionette	INFO	Marionette enabled
1719326660375	Marionette	INFO	Listening on port 52318
WebDriver BiDi listening on ws://127.0.0.1:52299
Read port: 52318
1719326661289	RemoteAgent	WARN	TLS certificate errors will be ignored for this session
DevTools listening on ws://127.0.0.1:52299/devtools/browser/3f37cf62-76ff-46cc-81a4-5c2da42d87d0
console.warn: LoginRecipes: "Falling back to a synchronous message for: http://localhost:3000."
1719326689886	addons.xpi	ERROR	System addon update list error SyntaxError: XMLHttpRequest.open: 'http://%(server)s/dummy-system-addons.xml' is not a valid URL.
1719326783074	Marionette	INFO	Stopped listening on port 52318
Dynamically enable window occlusion 1
!!! error running onStopped callback: TypeError: callback is not a function
JavaScript warning: http://localhost:3000/_next/static/chunks/app/layout.js line 3273 > eval, line 67: Script terminated by timeout at:
getThemeValue@webpack-internal:///(app-pages-browser)/./node_modules/@mui/material/node_modules/@mui/system/esm/styleFunctionSx/styleFunctionSx.js:67:5
traverse/<@webpack-internal:///(app-pages-browser)/./node_modules/@mui/material/node_modules/@mui/system/esm/styleFunctionSx/styleFunctionSx.js:115:87
traverse@webpack-internal:///(app-pages-browser)/./node_modules/@mui/material/node_modules/@mui/system/esm/styleFunctionSx/styleFunctionSx.js:93:35
styleFunctionSx@webpack-internal:///(app-pages-browser)/./node_modules/@mui/material/node_modules/@mui/system/esm/styleFunctionSx/styleFunctionSx.js:121:55
traverse/<@webpack-internal:///(app-pages-browser)/./node_modules/@mui/material/node_modules/@mui/system/esm/styleFunctionSx/styleFunctionSx.js:106:49
traverse@webpack-internal:///(app-pages-browser)/./node_modules/@mui/material/node_modules/@mui/system/esm/styleFunctionSx/styleFunctionSx.js:93:35
styleFunctionSx@webpack-internal:///(app-pages-browser)/./node_modules/@mui/material/node_modules/@mui/system/esm/styleFunctionSx/styleFunctionSx.js:121:55
traverse/<@webpack-internal:///(app-pages-browser)/./node_modules/@mui/material/node_modules/@mui/system/esm/styleFunctionSx/styleFunctionSx.js:106:49
traverse@webpack-internal:///(app-pages-browser)/./node_modules/@mui/material/node_modules/@mui/system/esm/styleFunctionSx/styleFunctionSx.js:93:35
styleFunctionSx@webpack-internal:///(app-pages-browser)/./node_modules/@mui/material/node_modules/@mui/system/esm/styleFunctionSx/styleFunctionSx.js:121:39
systemSx@webpack-internal:///(app-pages-browser)/./node_modules/@mui/material/node_modules/@mui/system/createStyled.js:127:45
handleInterpolation@webpack-internal:///(app-pages-browser)/./node_modules/@emotion/serialize/dist/emotion-serialize.browser.esm.js:146:37
serializeStyles@webpack-internal:///(app-pages-browser)/./node_modules/@emotion/serialize/dist/emotion-serialize.browser.esm.js:271:15
createStyled/</Styled<@webpack-internal:///(app-pages-browser)/./node_modules/@emotion/styled/base/dist/emotion-styled-base.browser.esm.js:135:91
withEmotionCache/<@webpack-internal:///(app-pages-browser)/./node_modules/@emotion/react/dist/emotion-element-43c6fea0.browser.esm.js:61:12
renderWithHooksAgain@webpack-internal:///(app-pages-browser)/./node_modules/next/dist/compiled/react-dom/cjs/react-dom.development.js:11272:16
renderWithHooks@webpack-internal:///(app-pages-browser)/./node_modules/next/dist/compiled/react-dom/cjs/react-dom.development.js:11135:18
updateForwardRef@webpack-internal:///(app-pages-browser)/./node_modules/next/dist/compiled/react-dom/cjs/react-dom.development.js:15854:20
beginWork$1@webpack-internal:///(app-pages-browser)/./node_modules/next/dist/compiled/react-dom/cjs/react-dom.development.js:18521:16
beginWork@webpack-internal:///(app-pages-browser)/./node_modules/next/dist/compiled/react-dom/cjs/react-dom.development.js:26927:14
performUnitOfWork@webpack-internal:///(app-pages-browser)/./node_modules/next/dist/compiled/react-dom/cjs/react-dom.development.js:25748:12
workLoopSync@webpack-internal:///(app-pages-browser)/./node_modules/next/dist/compiled/react-dom/cjs/react-dom.development.js:25464:22
renderRootSync@webpack-internal:///(app-pages-browser)/./node_modules/next/dist/compiled/react-dom/cjs/react-dom.development.js:25419:7
performSyncWorkOnRoot@webpack-internal:///(app-pages-browser)/./node_modules/next/dist/compiled/react-dom/cjs/react-dom.development.js:24887:34
flushSyncWorkAcrossRoots_impl@webpack-internal:///(app-pages-browser)/./node_modules/next/dist/compiled/react-dom/cjs/react-dom.development.js:7758:34
flushSyncWorkOnAllRoots@webpack-internal:///(app-pages-browser)/./node_modules/next/dist/compiled/react-dom/cjs/react-dom.development.js:7718:32
processRootScheduleInMicrotask@webpack-internal:///(app-pages-browser)/./node_modules/next/dist/compiled/react-dom/cjs/react-dom.development.js:7863:3
scheduleImmediateTask/<@webpack-internal:///(app-pages-browser)/./node_modules/next/dist/compiled/react-dom/cjs/react-dom.development.js:8034:7

