1719322722851	geckodriver	INFO	Listening on 127.0.0.1:61248
1719322726066	mozrunner::runner	INFO	Running command: "C:\\Program Files\\Mozilla Firefox\\firefox.exe" "--marionette" "--remote-debugging-port" "61249" "--remote-allow-hosts" "localhost" "-no-remote" "-profile" "C:\\Users\\Dell\\AppData\\Local\\Temp\\rust_mozprofileME1WeH"
console.warn: services.settings: Ignoring preference override of remote settings server
console.warn: services.settings: Allow by setting MOZ_REMOTE_SETTINGS_DEVTOOLS=1 in the environment
Dynamically enable window occlusion 0
1719322737769	Marionette	INFO	Marionette enabled
1719322738295	Marionette	INFO	Listening on port 61275
WebDriver BiDi listening on ws://127.0.0.1:61249
Read port: 61275
1719322739394	RemoteAgent	WARN	TLS certificate errors will be ignored for this session
DevTools listening on ws://127.0.0.1:61249/devtools/browser/b84563f3-d462-4b96-b325-f262f4ac6f8d
1719322767810	addons.xpi	ERROR	System addon update list error SyntaxError: XMLHttpRequest.open: 'http://%(server)s/dummy-system-addons.xml' is not a valid URL.
console.warn: LoginRecipes: "Falling back to a synchronous message for: http://localhost:3000."
1719323025318	Marionette	INFO	Stopped listening on port 61275
Dynamically enable window occlusion 1
JavaScript warning: http://localhost:3000/_next/static/chunks/app/layout.js line 2965 > eval, line 47: Script terminated by timeout at:
hexToRgb@webpack-internal:///(app-pages-browser)/./node_modules/@mui/material/node_modules/@mui/system/colorManipulator.js:47:34
decomposeColor@webpack-internal:///(app-pages-browser)/./node_modules/@mui/material/node_modules/@mui/system/colorManipulator.js:72:31
alpha@webpack-internal:///(app-pages-browser)/./node_modules/@mui/material/node_modules/@mui/system/colorManipulator.js:236:13
RadioRoot<@webpack-internal:///(app-pages-browser)/./node_modules/@mui/material/Radio/Radio.js:79:312
processStyleArg@webpack-internal:///(app-pages-browser)/./node_modules/@mui/material/node_modules/@mui/system/createStyled.js:84:69
transformStyleArg/<@webpack-internal:///(app-pages-browser)/./node_modules/@mui/material/node_modules/@mui/system/createStyled.js:176:48
handleInterpolation@webpack-internal:///(app-pages-browser)/./node_modules/@emotion/serialize/dist/emotion-serialize.browser.esm.js:146:37
serializeStyles@webpack-internal:///(app-pages-browser)/./node_modules/@emotion/serialize/dist/emotion-serialize.browser.esm.js:271:15
createStyled/</Styled<@webpack-internal:///(app-pages-browser)/./node_modules/@emotion/styled/base/dist/emotion-styled-base.browser.esm.js:135:91
withEmotionCache/<@webpack-internal:///(app-pages-browser)/./node_modules/@emotion/react/dist/emotion-element-43c6fea0.browser.esm.js:61:12
renderWithHooksAgain@webpack-internal:///(app-pages-browser)/./node_modules/next/dist/compiled/react-dom/cjs/react-dom.development.js:11272:16
renderWithHooks@webpack-internal:///(app-pages-browser)/./node_modules/next/dist/compiled/react-dom/cjs/react-dom.development.js:11135:18
updateForwardRef@webpack-internal:///(app-pages-browser)/./node_modules/next/dist/compiled/react-dom/cjs/react-dom.development.js:15854:20
beginWork$1@webpack-internal:///(app-pages-browser)/./node_modules/next/dist/compiled/react-dom/cjs/react-dom.development.js:18521:16
beginWork@webpack-internal:///(app-pages-browser)/./node_modules/next/dist/compiled/react-dom/cjs/react-dom.development.js:26927:14
performUnitOfWork@webpack-internal:///(app-pages-browser)/./node_modules/next/dist/compiled/react-dom/cjs/react-dom.development.js:25748:12
workLoopSync@webpack-internal:///(app-pages-browser)/./node_modules/next/dist/compiled/react-dom/cjs/react-dom.development.js:25464:22
renderRootSync@webpack-internal:///(app-pages-browser)/./node_modules/next/dist/compiled/react-dom/cjs/react-dom.development.js:25419:7
performSyncWorkOnRoot@webpack-internal:///(app-pages-browser)/./node_modules/next/dist/compiled/react-dom/cjs/react-dom.development.js:24887:34
flushSyncWorkAcrossRoots_impl@webpack-internal:///(app-pages-browser)/./node_modules/next/dist/compiled/react-dom/cjs/react-dom.development.js:7758:34
flushSyncWorkOnAllRoots@webpack-internal:///(app-pages-browser)/./node_modules/next/dist/compiled/react-dom/cjs/react-dom.development.js:7718:32
processRootScheduleInMicrotask@webpack-internal:///(app-pages-browser)/./node_modules/next/dist/compiled/react-dom/cjs/react-dom.development.js:7863:3
scheduleImmediateTask/<@webpack-internal:///(app-pages-browser)/./node_modules/next/dist/compiled/react-dom/cjs/react-dom.development.js:8034:7

