1719322836581	geckodriver	INFO	Listening on 127.0.0.1:61486
1719322839731	mozrunner::runner	INFO	Running command: "C:\\Program Files\\Mozilla Firefox\\firefox.exe" "--marionette" "--remote-debugging-port" "61487" "--remote-allow-hosts" "localhost" "-no-remote" "-profile" "C:\\Users\\Dell\\AppData\\Local\\Temp\\rust_mozprofiletYjONe"
console.warn: services.settings: Ignoring preference override of remote settings server
console.warn: services.settings: Allow by setting MOZ_REMOTE_SETTINGS_DEVTOOLS=1 in the environment
Dynamically enable window occlusion 0
1719322851656	Marionette	INFO	Marionette enabled
1719322852033	Marionette	INFO	Listening on port 61506
Read port: 61506
WebDriver BiDi listening on ws://127.0.0.1:61487
1719322852392	RemoteAgent	WARN	TLS certificate errors will be ignored for this session
DevTools listening on ws://127.0.0.1:61487/devtools/browser/7058e7a2-d6f3-4879-b62a-2f4b906f2d25
console.warn: LoginRecipes: "Falling back to a synchronous message for: http://localhost:3000."
1719322882542	addons.xpi	ERROR	System addon update list error SyntaxError: XMLHttpRequest.open: 'http://%(server)s/dummy-system-addons.xml' is not a valid URL.
1719323027201	Marionette	INFO	Stopped listening on port 61506
Dynamically enable window occlusion 1
JavaScript warning: http://localhost:3000/_next/static/chunks/main-app.js?v=1719322859444 line 1825 > eval, line 11301: Script terminated by timeout at:
checkDidRenderIdHook@webpack-internal:///(app-pages-browser)/./node_modules/next/dist/compiled/react-dom/cjs/react-dom.development.js:11301:25
updateForwardRef@webpack-internal:///(app-pages-browser)/./node_modules/next/dist/compiled/react-dom/cjs/react-dom.development.js:15855:13
beginWork$1@webpack-internal:///(app-pages-browser)/./node_modules/next/dist/compiled/react-dom/cjs/react-dom.development.js:18521:16
beginWork@webpack-internal:///(app-pages-browser)/./node_modules/next/dist/compiled/react-dom/cjs/react-dom.development.js:26927:14
performUnitOfWork@webpack-internal:///(app-pages-browser)/./node_modules/next/dist/compiled/react-dom/cjs/react-dom.development.js:25748:12
workLoopSync@webpack-internal:///(app-pages-browser)/./node_modules/next/dist/compiled/react-dom/cjs/react-dom.development.js:25464:22
renderRootSync@webpack-internal:///(app-pages-browser)/./node_modules/next/dist/compiled/react-dom/cjs/react-dom.development.js:25419:7
performSyncWorkOnRoot@webpack-internal:///(app-pages-browser)/./node_modules/next/dist/compiled/react-dom/cjs/react-dom.development.js:24887:34
flushSyncWorkAcrossRoots_impl@webpack-internal:///(app-pages-browser)/./node_modules/next/dist/compiled/react-dom/cjs/react-dom.development.js:7758:34
flushSyncWorkOnAllRoots@webpack-internal:///(app-pages-browser)/./node_modules/next/dist/compiled/react-dom/cjs/react-dom.development.js:7718:32
processRootScheduleInMicrotask@webpack-internal:///(app-pages-browser)/./node_modules/next/dist/compiled/react-dom/cjs/react-dom.development.js:7863:3
scheduleImmediateTask/<@webpack-internal:///(app-pages-browser)/./node_modules/next/dist/compiled/react-dom/cjs/react-dom.development.js:8034:7

