1719345774516	geckodriver	INFO	Listening on 127.0.0.1:65355
1719345777567	mozrunner::runner	INFO	Running command: "C:\\Program Files\\Mozilla Firefox\\firefox.exe" "--marionette" "--remote-debugging-port" "65356" "--remote-allow-hosts" "localhost" "-no-remote" "-profile" "C:\\Users\\Dell\\AppData\\Local\\Temp\\rust_mozprofileakVXOx"
console.warn: services.settings: Ignoring preference override of remote settings server
console.warn: services.settings: Allow by setting MOZ_REMOTE_SETTINGS_DEVTOOLS=1 in the environment
Dynamically enable window occlusion 0
1719345783543	Marionette	INFO	Marionette enabled
1719345783753	Marionette	INFO	Listening on port 65370
WebDriver BiDi listening on ws://127.0.0.1:65356
Read port: 65370
1719345784021	RemoteAgent	WARN	TLS certificate errors will be ignored for this session
DevTools listening on ws://127.0.0.1:65356/devtools/browser/c6d5a03b-a23e-4cdf-a100-43f5f7b18682
console.warn: LoginRecipes: "Falling back to a synchronous message for: http://localhost:3000."
1719345796880	Marionette	INFO	Stopped listening on port 65370
JavaScript warning: http://localhost:3000/_next/static/chunks/app/layout.js line 127 > eval, line 145: Script terminated by timeout at:
createStyled/</Styled<@webpack-internal:///(app-pages-browser)/./node_modules/@emotion/styled/base/dist/emotion-styled-base.browser.esm.js:145:24
withEmotionCache/<@webpack-internal:///(app-pages-browser)/./node_modules/@emotion/react/dist/emotion-element-43c6fea0.browser.esm.js:61:12
renderWithHooks@webpack-internal:///(app-pages-browser)/./node_modules/next/dist/compiled/react-dom/cjs/react-dom.development.js:11121:27
updateForwardRef@webpack-internal:///(app-pages-browser)/./node_modules/next/dist/compiled/react-dom/cjs/react-dom.development.js:15854:20
beginWork$1@webpack-internal:///(app-pages-browser)/./node_modules/next/dist/compiled/react-dom/cjs/react-dom.development.js:18521:16
beginWork@webpack-internal:///(app-pages-browser)/./node_modules/next/dist/compiled/react-dom/cjs/react-dom.development.js:26927:14
performUnitOfWork@webpack-internal:///(app-pages-browser)/./node_modules/next/dist/compiled/react-dom/cjs/react-dom.development.js:25748:12
workLoopSync@webpack-internal:///(app-pages-browser)/./node_modules/next/dist/compiled/react-dom/cjs/react-dom.development.js:25464:22
renderRootSync@webpack-internal:///(app-pages-browser)/./node_modules/next/dist/compiled/react-dom/cjs/react-dom.development.js:25419:7
performConcurrentWorkOnRoot@webpack-internal:///(app-pages-browser)/./node_modules/next/dist/compiled/react-dom/cjs/react-dom.development.js:24504:74
workLoop@webpack-internal:///(app-pages-browser)/./node_modules/next/dist/compiled/scheduler/cjs/scheduler.development.js:256:42
flushWork@webpack-internal:///(app-pages-browser)/./node_modules/next/dist/compiled/scheduler/cjs/scheduler.development.js:225:14
performWorkUntilDeadline@webpack-internal:///(app-pages-browser)/./node_modules/next/dist/compiled/scheduler/cjs/scheduler.development.js:534:21

Dynamically enable window occlusion 1
