1719937705079	geckodriver	INFO	Listening on 127.0.0.1:50090
1719937708179	mozrunner::runner	INFO	Running command: "C:\\Program Files\\Mozilla Firefox\\firefox.exe" "--marionette" "--remote-debugging-port" "50091" "--remote-allow-hosts" "localhost" "-no-remote" "-profile" "C:\\Users\\Dell\\AppData\\Local\\Temp\\rust_mozprofileph24Ko"
console.warn: services.settings: Ignoring preference override of remote settings server
console.warn: services.settings: Allow by setting MOZ_REMOTE_SETTINGS_DEVTOOLS=1 in the environment
Dynamically enable window occlusion 0
1719937714013	Marionette	INFO	Marionette enabled
1719937714199	Marionette	INFO	Listening on port 50105
WebDriver BiDi listening on ws://127.0.0.1:50091
Read port: 50105
1719937714584	RemoteAgent	WARN	TLS certificate errors will be ignored for this session
DevTools listening on ws://127.0.0.1:50091/devtools/browser/003f164e-bf66-4bf5-8b2a-8128f37a2310
console.warn: LoginRecipes: "Falling back to a synchronous message for: http://localhost:3000."
console.warn: LoginRecipes: "Falling back to a synchronous message for: http://localhost:3000."
1719937724452	Marionette	INFO	Stopped listening on port 50105
JavaScript warning: http://localhost:3000/_next/static/chunks/app/sign-in/page.js line 1744 > eval, line 7: Script terminated by timeout at:
getThemeProps@webpack-internal:///(app-pages-browser)/./node_modules/@mui/material/node_modules/@mui/system/esm/useThemeProps/getThemeProps.js:7:32
useThemeProps@webpack-internal:///(app-pages-browser)/./node_modules/@mui/material/node_modules/@mui/system/esm/useThemeProps/useThemeProps.js:17:83
useThemeProps@webpack-internal:///(app-pages-browser)/./node_modules/@mui/material/styles/useThemeProps.js:13:81
FormControlLabel@webpack-internal:///(app-pages-browser)/./node_modules/@mui/material/FormControlLabel/FormControlLabel.js:143:84
renderWithHooks@webpack-internal:///(app-pages-browser)/./node_modules/next/dist/compiled/react-dom/cjs/react-dom.development.js:11121:27
updateForwardRef@webpack-internal:///(app-pages-browser)/./node_modules/next/dist/compiled/react-dom/cjs/react-dom.development.js:15854:20
beginWork$1@webpack-internal:///(app-pages-browser)/./node_modules/next/dist/compiled/react-dom/cjs/react-dom.development.js:18521:16
beginWork@webpack-internal:///(app-pages-browser)/./node_modules/next/dist/compiled/react-dom/cjs/react-dom.development.js:26927:14
performUnitOfWork@webpack-internal:///(app-pages-browser)/./node_modules/next/dist/compiled/react-dom/cjs/react-dom.development.js:25748:12
workLoopSync@webpack-internal:///(app-pages-browser)/./node_modules/next/dist/compiled/react-dom/cjs/react-dom.development.js:25464:22
renderRootSync@webpack-internal:///(app-pages-browser)/./node_modules/next/dist/compiled/react-dom/cjs/react-dom.development.js:25419:7
performConcurrentWorkOnRoot@webpack-internal:///(app-pages-browser)/./node_modules/next/dist/compiled/react-dom/cjs/react-dom.development.js:24504:74
workLoop@webpack-internal:///(app-pages-browser)/./node_modules/next/dist/compiled/scheduler/cjs/scheduler.development.js:256:42
flushWork@webpack-internal:///(app-pages-browser)/./node_modules/next/dist/compiled/scheduler/cjs/scheduler.development.js:225:14
performWorkUntilDeadline@webpack-internal:///(app-pages-browser)/./node_modules/next/dist/compiled/scheduler/cjs/scheduler.development.js:534:21

Dynamically enable window occlusion 1
